[INFO]-[BNL_Browser]: 2022-03-20T19:54:25 {1c70} [INFO] - setting background color 'ff000000'.
[INFO]-[BNL_Browser]: 2022-03-20T19:54:25 {1c70} [INFO] - UserAgent: BlizzardBrowser/5.2.3.579 Chrome/83.0.4103.106 WorldOfWarcraft/1
[INFO]-[BNL_Browser]: 2022-03-20T19:54:25 {1c70} [INFO] - [BrowserProcessHandler] Create invoked. winSize: {0, 0}; 618; 384
[INFO]-[BNL_Browser]: 2022-03-20T19:54:25 {1c70} [INFO] - [BrowserProcessHandler] BrowserConfig::backgroundColor: {r:0, g:0, b:0, a:255}
[INFO]-[BNL_Browser]: 2022-03-20T19:54:25 {1c70} [INFO] - [BrowserProcessHandler] BrowserConfig::blizzardErrorPath: ""
[INFO]-[BNL_Browser]: 2022-03-20T19:54:25 {1c70} [INFO] - [BrowserProcessHandler] BrowserConfig::enableHardwareAcceleration: false
[INFO]-[BNL_Browser]: 2022-03-20T19:54:25 {1c70} [INFO] - [BrowserProcessHandler] BrowserConfig::enableLocalStorage: false
[INFO]-[BNL_Browser]: 2022-03-20T19:54:26 {1c70} [INFO] - [BrowserProcessHandler] BrowserConfig::enablePlugins: false
[INFO]-[BNL_Browser]: 2022-03-20T19:54:26 {1c70} [INFO] - [BrowserProcessHandler] BrowserConfig::showCrashDialog: false
[INFO]-[BNL_Browser]: 2022-03-20T19:54:26 {1c70} [INFO] - [BrowserProcessHandler] BrowserConfig::showNativeScrollBar: true
[INFO]-[BNL_Browser]: 2022-03-20T19:54:26 {1c70} [INFO] - [BrowserProcessHandler] BrowserConfig::startUrl: "about:blank"
[INFO]-[BNL_Browser]: 2022-03-20T19:54:26 {1c70} [INFO] - [BrowserProcessHandler] BrowserConfig::userAgentToken: "WorldOfWarcraft/1"
[INFO]-[BNL_Browser]: 2022-03-20T19:54:26 {1c70} [INFO] - [BrowserProcessHandler] BrowserConfig::webkitLocale: 2
[INFO]-[BNL_Browser]: 2022-03-20T19:54:26 {1c70} [INFO] - [BrowserProcessHandler] OnLoadingStateChange loading:true goBack:false goForward:false
[INFO]-[BNL_Browser]: 2022-03-20T19:54:26 {1c70} [INFO] - [BrowserProcessHandler] OnTakeFocus source:0
[INFO]-[BNL_Browser]: 2022-03-20T19:54:26 {1c70} [INFO] - [BrowserProcessHandler] OnGotFocus
[INFO]-[BNL_Browser]: 2022-03-20T19:54:26 {1c70} [INFO] - [BrowserProcessHandler] OnLoadStart type:33554433 frame:17179869185
[INFO]-[BNL_Browser]: 2022-03-20T19:54:26 {1c70} [INFO] - [BrowserProcessHandler] OnLoadEnd frame:17179869185
[INFO]-[BNL_Browser]: 2022-03-20T19:54:26 {1c70} [INFO] - [BrowserProcessHandler] OnLoadingStateChange loading:false goBack:false goForward:false
[INFO]-[BNL_Browser]: 2022-03-20T19:54:26 {1c70} [INFO] - first page load completed
[INFO]-[BNL_Browser]: 2022-03-20T19:54:26 {1c70} [INFO] - [BrowserProcessHandler] OnTitleChange
[INFO]-[BNL_Browser]: 2022-03-20T19:54:26 {1c70} [INFO] - [BrowserProcessHandler] OnCursorChange type:0
[INFO]-[BNL_Browser]: 2022-03-20T19:54:26 {1c70} [INFO] - [BrowserProcessHandler] OnLoadingStateChange loading:true goBack:false goForward:false
[INFO]-[BNL_Browser]: 2022-03-20T19:54:26 {1c70} [INFO] - [BrowserProcessHandler] OnTakeFocus source:0
[INFO]-[BNL_Browser]: 2022-03-20T19:54:26 {1c70} [INFO] - [BrowserProcessHandler] OnGotFocus
[INFO]-[BNL_Scene]: 2022-03-20T19:54:27 {1c70} [INFO] - received shutdown message from client.
[INFO]-[BNL_Browser]: 2022-03-20T19:54:27 {1c70} [INFO] - [BrowserProcessHandler] Shutdown invoked
[INFO]-[BNL_Browser]: 2022-03-20T19:54:27 {1c70} [INFO] - [BrowserProcessHandler] OnLoadError frame:17179869185 errorCode:-3 errorText:ERR_ABORTED
[INFO]-[BNL_Browser]: 2022-03-20T19:54:27 {1c70} [INFO] - [BrowserProcessHandler] OnLoadingStateChange loading:false goBack:false goForward:false
[INFO]-[BNL_Browser]: 2022-03-20T19:54:27 {1c70} [INFO] - [BrowserProcessHandler] OnTitleChange
[INFO]-[BNL_Browser]: 2022-03-20T19:54:27 {1c70} [INFO] - [BrowserProcessHandler] OnBeforeClose
