[INFO]-[BNL_Browser]: 2022-02-16T16:43:22 {354} [INFO] - setting background color 'ff15171e'.

[INFO]-[BNL_Browser]: 2022-02-16T16:43:22 {1050} [INFO] - UserAgent: BlizzardBrowser/5.2.3.579 Chrome/83.0.4103.106 SimpleCheckout/5.2.11/WoW
[INFO]-[BNL_Browser]: 2022-02-16T16:43:22 {354} [INFO] - UserAgent: BlizzardBrowser/5.2.3.579 Chrome/83.0.4103.106 SimpleCheckout/5.2.11/WoW
[INFO]-[BNL_Browser]: 2022-02-16T16:43:22 {354} [INFO] - [BrowserProcessHandler] Create invoked. winSize: {0, 0}; 860; 545
[INFO]-[BNL_Browser]: 2022-02-16T16:43:22 {1050} [INFO] - [BrowserProcessHandler] Create invoked. winSize: {0, 0}; 860; 100
[INFO]-[BNL_Browser]: 2022-02-16T16:43:22 {354} [INFO] - [BrowserProcessHandler] BrowserConfig::backgroundColor: {r:21, g:23, b:30, a:255}

[INFO]-[BNL_Browser]: 2022-02-16T16:43:22 {354} [INFO] - [BrowserProcessHandler] BrowserConfig::blizzardErrorPath: ""

[INFO]-[BNL_Browser]: 2022-02-16T16:43:22 {1050} [INFO] - [BrowserProcessHandler] BrowserConfig::enableHardwareAcceleration: false
[INFO]-[BNL_Browser]: 2022-02-16T16:43:22 {354} [INFO] - [BrowserProcessHandler] BrowserConfig::enableHardwareAcceleration: false
[INFO]-[BNL_Browser]: 2022-02-16T16:43:22 {1050} [INFO] - [BrowserProcessHandler] BrowserConfig::enableLocalStorage: true
[INFO]-[BNL_Browser]: 2022-02-16T16:43:22 {354} [INFO] - [BrowserProcessHandler] BrowserConfig::enableLocalStorage: true
[INFO]-[BNL_Browser]: 2022-02-16T16:43:22 {1050} [INFO] - [BrowserProcessHandler] BrowserConfig::enablePlugins: false
[INFO]-[BNL_Browser]: 2022-02-16T16:43:22 {354} [INFO] - [BrowserProcessHandler] BrowserConfig::enablePlugins: false
[INFO]-[BNL_Browser]: 2022-02-16T16:43:22 {1050} [INFO] - [BrowserProcessHandler] BrowserConfig::showCrashDialog: false
[INFO]-[BNL_Browser]: 2022-02-16T16:43:22 {354} [INFO] - [BrowserProcessHandler] BrowserConfig::showCrashDialog: false
[INFO]-[BNL_Browser]: 2022-02-16T16:43:22 {1050} [INFO] - [BrowserProcessHandler] BrowserConfig::showNativeScrollBar: false
[INFO]-[BNL_Browser]: 2022-02-16T16:43:22 {354} [INFO] - [BrowserProcessHandler] BrowserConfig::showNativeScrollBar: true
[INFO]-[BNL_Browser]: 2022-02-16T16:43:22 {1050} [INFO] - [BrowserProcessHandler] BrowserConfig::startUrl: "about:blank"
[INFO]-[BNL_Browser]: 2022-02-16T16:43:22 {354} [INFO] - [BrowserProcessHandler] BrowserConfig::startUrl: "about:blank"
[INFO]-[BNL_Browser]: 2022-02-16T16:43:22 {1050} [INFO] - [BrowserProcessHandler] BrowserConfig::userAgentToken: "SimpleCheckout/5.2.11/WoW"
[INFO]-[BNL_Browser]: 2022-02-16T16:43:22 {354} [INFO] - [BrowserProcessHandler] BrowserConfig::userAgentToken: "SimpleCheckout/5.2.11/WoW"
[INFO]-[BNL_Browser]: 2022-02-16T16:43:22 {1050} [INFO] - [BrowserProcessHandler] BrowserConfig::webkitLocale: 2
[INFO]-[BNL_Browser]: 2022-02-16T16:43:22 {354} [INFO] - [BrowserProcessHandler] BrowserConfig::webkitLocale: 2
[INFO]-[BNL_Browser]: 2022-02-16T16:43:22 {1050} [INFO] - [BrowserProcessHandler] OnLoadingStateChange loading:true goBack:false goForward:false
[INFO]-[BNL_Browser]: 2022-02-16T16:43:22 {354} [INFO] - [BrowserProcessHandler] OnLoadingStateChange loading:true goBack:false goForward:false
[INFO]-[BNL_Browser]: 2022-02-16T16:43:22 {1050} [INFO] - [BrowserProcessHandler] OnTakeFocus source:0
[INFO]-[BNL_Browser]: 2022-02-16T16:43:22 {1050} [INFO] - [BrowserProcessHandler] OnGotFocus
[INFO]-[BNL_Browser]: 2022-02-16T16:43:22 {354} [INFO] - [BrowserProcessHandler] OnTakeFocus source:0
[INFO]-[BNL_Browser]: 2022-02-16T16:43:22 {354} [INFO] - [BrowserProcessHandler] OnGotFocus
[INFO]-[BNL_Browser]: 2022-02-16T16:43:23 {1050} [INFO] - [BrowserProcessHandler] OnLoadStart type:33554433 frame:17179869185
[INFO]-[BNL_Browser]: 2022-02-16T16:43:23 {1050} [INFO] - [BrowserProcessHandler] OnLoadEnd frame:17179869185
[INFO]-[BNL_Browser]: 2022-02-16T16:43:23 {1050} [INFO] - [BrowserProcessHandler] OnLoadingStateChange loading:false goBack:false goForward:false
[INFO]-[BNL_Browser]: 2022-02-16T16:43:23 {1050} [INFO] - first page load completed
[INFO]-[BNL_Browser]: 2022-02-16T16:43:23 {1050} [INFO] - [BrowserProcessHandler] OnTitleChange
[INFO]-[BNL_Browser]: 2022-02-16T16:43:23 {354} [INFO] - [BrowserProcessHandler] OnLoadStart type:33554433 frame:17179869185
[INFO]-[BNL_Browser]: 2022-02-16T16:43:23 {354} [INFO] - [BrowserProcessHandler] OnLoadEnd frame:17179869185
[INFO]-[BNL_Browser]: 2022-02-16T16:43:23 {354} [INFO] - [BrowserProcessHandler] OnLoadingStateChange loading:false goBack:false goForward:false
[INFO]-[BNL_Browser]: 2022-02-16T16:43:23 {354} [INFO] - first page load completed
[INFO]-[BNL_Browser]: 2022-02-16T16:43:23 {354} [INFO] - [BrowserProcessHandler] OnTitleChange
[INFO]-[BNL_Browser]: 2022-02-16T16:43:23 {1050} [INFO] - [BrowserProcessHandler] OnLoadingStateChange loading:true goBack:false goForward:false
[INFO]-[BNL_Browser]: 2022-02-16T16:43:23 {1050} [INFO] - [BrowserProcessHandler] OnTakeFocus source:0
[INFO]-[BNL_Browser]: 2022-02-16T16:43:23 {1050} [INFO] - [BrowserProcessHandler] OnGotFocus
[INFO]-[BNL_Browser]: 2022-02-16T16:43:23 {354} [INFO] - [BrowserProcessHandler] OnLoadingStateChange loading:true goBack:false goForward:false
[INFO]-[BNL_Browser]: 2022-02-16T16:43:23 {354} [INFO] - [BrowserProcessHandler] OnTakeFocus source:0
[INFO]-[BNL_Browser]: 2022-02-16T16:43:23 {354} [INFO] - [BrowserProcessHandler] OnGotFocus
[INFO]-[BNL_Browser]: 2022-02-16T16:43:27 {1050} [INFO] - [BrowserProcessHandler] OnLoadStart type:33554433 frame:17179869185
[INFO]-[BNL_Browser]: 2022-02-16T16:43:27 {1050} [INFO] - [BrowserProcessHandler] OnLoadEnd frame:17179869185
[INFO]-[BNL_Browser]: 2022-02-16T16:43:27 {1050} [INFO] - [BrowserProcessHandler] OnLoadingStateChange loading:false goBack:true goForward:false
[INFO]-[BNL_Browser]: 2022-02-16T16:43:27 {1050} [INFO] - [BrowserProcessHandler] OnTitleChange
[INFO]-[BNL_Browser]: 2022-02-16T16:43:27 {1050} [INFO] - [BrowserProcessHandler] OnLoadingStateChange loading:true goBack:true goForward:false
[INFO]-[BNL_Browser]: 2022-02-16T16:43:27 {1050} [INFO] - [BrowserProcessHandler] OnLoadStart type:1073741824 frame:17179869185
[INFO]-[BNL_Browser]: 2022-02-16T16:43:27 {1050} [INFO] - [BrowserProcessHandler] OnTitleChange
[INFO]-[BNL_Browser]: 2022-02-16T16:43:27 {1050} [INFO] - [BrowserProcessHandler] OnLoadEnd frame:17179869185
[INFO]-[BNL_Browser]: 2022-02-16T16:43:27 {1050} [INFO] - [BrowserProcessHandler] OnLoadingStateChange loading:false goBack:true goForward:false
[INFO]-[BNL_Browser]: 2022-02-16T16:43:27 {1050} [INFO] - [BrowserProcessHandler] OnTitleChange
[INFO]-[BNL_Browser]: 2022-02-16T16:43:29 {354} [INFO] - [BrowserProcessHandler] OnLoadStart type:33554433 frame:17179869185
[INFO]-[BNL_Browser]: 2022-02-16T16:43:29 {1050} [INFO] - [BrowserProcessHandler] OnLoadingStateChange loading:true goBack:true goForward:false
[INFO]-[BNL_Browser]: 2022-02-16T16:43:29 {1050} [INFO] - [BrowserProcessHandler] OnTakeFocus source:0
[INFO]-[BNL_Browser]: 2022-02-16T16:43:29 {1050} [INFO] - [BrowserProcessHandler] OnGotFocus
[INFO]-[BNL_Browser]: 2022-02-16T16:43:29 {1050} [INFO] - [BrowserProcessHandler] OnLoadingStateChange loading:false goBack:true goForward:false
[INFO]-[BNL_Browser]: 2022-02-16T16:43:29 {1050} [INFO] - [BrowserProcessHandler] OnTitleChange
[INFO]-[BNL_Browser]: 2022-02-16T16:43:29 {354} [INFO] - [BrowserProcessHandler] OnLoadEnd frame:17179869185
[INFO]-[BNL_Browser]: 2022-02-16T16:43:29 {354} [INFO] - [BrowserProcessHandler] OnLoadingStateChange loading:false goBack:true goForward:false
[INFO]-[BNL_Browser]: 2022-02-16T16:43:29 {354} [INFO] - [BrowserProcessHandler] OnTitleChange
[INFO]-[BNL_Browser]: 2022-02-16T16:43:29 {354} [INFO] - [BrowserProcessHandler] OnLoadingStateChange loading:true goBack:true goForward:false
[INFO]-[BNL_Browser]: 2022-02-16T16:43:29 {1050} [INFO] - [BrowserProcessHandler] OnLoadingStateChange loading:true goBack:true goForward:false
[INFO]-[BNL_Browser]: 2022-02-16T16:43:29 {1050} [INFO] - [BrowserProcessHandler] OnTakeFocus source:0
[INFO]-[BNL_Browser]: 2022-02-16T16:43:29 {1050} [INFO] - [BrowserProcessHandler] OnGotFocus
[INFO]-[BNL_Browser]: 2022-02-16T16:43:29 {1050} [INFO] - [BrowserProcessHandler] OnLoadingStateChange loading:false goBack:true goForward:false
[INFO]-[BNL_Browser]: 2022-02-16T16:43:29 {1050} [INFO] - [BrowserProcessHandler] OnTitleChange
[INFO]-[BNL_Browser]: 2022-02-16T16:43:30 {354} [INFO] - [BrowserProcessHandler] OnLoadStart type:1073741824 frame:17179869185
[INFO]-[BNL_Browser]: 2022-02-16T16:43:30 {354} [INFO] - [BrowserProcessHandler] OnTitleChange
[INFO]-[BNL_Browser]: 2022-02-16T16:43:30 {1050} [INFO] - [BrowserProcessHandler] OnLoadingStateChange loading:true goBack:true goForward:false
[INFO]-[BNL_Browser]: 2022-02-16T16:43:30 {1050} [INFO] - [BrowserProcessHandler] OnTakeFocus source:0
[INFO]-[BNL_Browser]: 2022-02-16T16:43:30 {1050} [INFO] - [BrowserProcessHandler] OnGotFocus
[INFO]-[BNL_Browser]: 2022-02-16T16:43:30 {1050} [INFO] - [BrowserProcessHandler] OnLoadingStateChange loading:false goBack:true goForward:false
[INFO]-[BNL_Browser]: 2022-02-16T16:43:30 {1050} [INFO] - [BrowserProcessHandler] OnTitleChange
[INFO]-[BNL_Browser]: 2022-02-16T16:43:31 {354} [INFO] - [BrowserProcessHandler] OnLoadStart type:3 frame:17179869188
[INFO]-[BNL_Browser]: 2022-02-16T16:43:31 {354} [INFO] - [BrowserProcessHandler] OnLoadEnd frame:17179869188
[INFO]-[BNL_Browser]: 2022-02-16T16:43:31 {354} [INFO] - [BrowserProcessHandler] OnLoadEnd frame:17179869185
[INFO]-[BNL_Browser]: 2022-02-16T16:43:31 {354} [INFO] - [BrowserProcessHandler] OnLoadingStateChange loading:false goBack:true goForward:false
[INFO]-[BNL_Browser]: 2022-02-16T16:43:31 {354} [INFO] - [BrowserProcessHandler] OnTitleChange
[INFO]-[BNL_Browser]: 2022-02-16T16:43:31 {1050} [INFO] - [BrowserProcessHandler] OnLoadingStateChange loading:true goBack:true goForward:false
[INFO]-[BNL_Browser]: 2022-02-16T16:43:31 {1050} [INFO] - [BrowserProcessHandler] OnTakeFocus source:0
[INFO]-[BNL_Browser]: 2022-02-16T16:43:31 {1050} [INFO] - [BrowserProcessHandler] OnGotFocus
[INFO]-[BNL_Browser]: 2022-02-16T16:43:31 {1050} [INFO] - [BrowserProcessHandler] OnLoadingStateChange loading:false goBack:true goForward:false
[INFO]-[BNL_Browser]: 2022-02-16T16:43:31 {1050} [INFO] - [BrowserProcessHandler] OnTitleChange
[INFO]-[BNL_Browser]: 2022-02-16T16:43:31 {354} [INFO] - [BrowserProcessHandler] OnLoadingStateChange loading:true goBack:true goForward:false
[INFO]-[BNL_Browser]: 2022-02-16T16:43:31 {354} [INFO] - [BrowserProcessHandler] OnLoadStart type:3 frame:21474836486
[INFO]-[BNL_Browser]: 2022-02-16T16:43:31 {354} [INFO] - [BrowserProcessHandler] OnLoadEnd frame:21474836486
[INFO]-[BNL_Browser]: 2022-02-16T16:43:31 {354} [INFO] - [BrowserProcessHandler] OnLoadingStateChange loading:false goBack:true goForward:false
[INFO]-[BNL_Browser]: 2022-02-16T16:43:31 {354} [INFO] - [BrowserProcessHandler] OnTitleChange
[INFO]-[BNL_Browser]: 2022-02-16T16:43:32 {1050} [INFO] - [BrowserProcessHandler] OnLoadingStateChange loading:true goBack:true goForward:false
[INFO]-[BNL_Browser]: 2022-02-16T16:43:32 {1050} [INFO] - [BrowserProcessHandler] OnTakeFocus source:0
[INFO]-[BNL_Browser]: 2022-02-16T16:43:32 {1050} [INFO] - [BrowserProcessHandler] OnGotFocus
[INFO]-[BNL_Browser]: 2022-02-16T16:43:32 {1050} [INFO] - [BrowserProcessHandler] OnLoadingStateChange loading:false goBack:true goForward:false
[INFO]-[BNL_Browser]: 2022-02-16T16:43:32 {1050} [INFO] - [BrowserProcessHandler] OnTitleChange
[INFO]-[BNL_Browser]: 2022-02-16T16:43:47 {354} [INFO] - [BrowserProcessHandler] OnCursorChange type:2
[INFO]-[BNL_Browser]: 2022-02-16T16:43:47 {354} [INFO] - [BrowserProcessHandler] OnCursorChange type:0
[INFO]-[BNL_Browser]: 2022-02-16T16:43:47 {354} [INFO] - [BrowserProcessHandler] OnCursorChange type:2
[INFO]-[BNL_Browser]: 2022-02-16T16:43:48 {354} [INFO] - [BrowserProcessHandler] OnTakeFocus source:1
[INFO]-[BNL_Browser]: 2022-02-16T16:43:48 {354} [INFO] - [BrowserProcessHandler] OnGotFocus
[INFO]-[BNL_Browser]: 2022-02-16T16:43:48 {354} [INFO] - [BrowserProcessHandler] OnImeStateChanged type:0
[INFO]-[BNL_Browser]: 2022-02-16T16:43:48 {354} [INFO] - [BrowserProcessHandler] OnTakeFocus source:1
[INFO]-[BNL_Browser]: 2022-02-16T16:43:48 {354} [INFO] - [BrowserProcessHandler] OnGotFocus
[INFO]-[BNL_Browser]: 2022-02-16T16:43:48 {354} [INFO] - [BrowserProcessHandler] OnImeStateChanged type:0
[INFO]-[BNL_Browser]: 2022-02-16T16:43:48 {354} [INFO] - [BrowserProcessHandler] OnImeStateChanged type:0
[INFO]-[BNL_Browser]: 2022-02-16T16:43:48 {354} [INFO] - [BrowserProcessHandler] OnCursorChange type:0
[INFO]-[BNL_Browser]: 2022-02-16T16:43:48 {354} [INFO] - [BrowserProcessHandler] OnLoadingStateChange loading:true goBack:true goForward:false
[INFO]-[BNL_Browser]: 2022-02-16T16:43:48 {354} [INFO] - [BrowserProcessHandler] OnLoadStart type:1073741824 frame:17179869185
[INFO]-[BNL_Browser]: 2022-02-16T16:43:48 {354} [INFO] - [BrowserProcessHandler] OnTitleChange
[INFO]-[BNL_Browser]: 2022-02-16T16:43:49 {1050} [INFO] - [BrowserProcessHandler] OnLoadingStateChange loading:true goBack:true goForward:false
[INFO]-[BNL_Browser]: 2022-02-16T16:43:49 {1050} [INFO] - [BrowserProcessHandler] OnTakeFocus source:0
[INFO]-[BNL_Browser]: 2022-02-16T16:43:49 {1050} [INFO] - [BrowserProcessHandler] OnGotFocus
[INFO]-[BNL_Browser]: 2022-02-16T16:43:49 {1050} [INFO] - [BrowserProcessHandler] OnLoadingStateChange loading:false goBack:true goForward:false
[INFO]-[BNL_Browser]: 2022-02-16T16:43:49 {1050} [INFO] - [BrowserProcessHandler] OnTitleChange
[INFO]-[BNL_Browser]: 2022-02-16T16:43:49 {354} [INFO] - [BrowserProcessHandler] OnLoadEnd frame:17179869185
[INFO]-[BNL_Browser]: 2022-02-16T16:43:49 {354} [INFO] - [BrowserProcessHandler] OnLoadingStateChange loading:false goBack:true goForward:false
[INFO]-[BNL_Browser]: 2022-02-16T16:43:49 {354} [INFO] - [BrowserProcessHandler] OnTitleChange
[INFO]-[BNL_Browser]: 2022-02-16T16:43:49 {1050} [INFO] - [BrowserProcessHandler] OnLoadingStateChange loading:true goBack:true goForward:false
[INFO]-[BNL_Browser]: 2022-02-16T16:43:49 {1050} [INFO] - [BrowserProcessHandler] OnTakeFocus source:0
[INFO]-[BNL_Browser]: 2022-02-16T16:43:49 {1050} [INFO] - [BrowserProcessHandler] OnGotFocus
[INFO]-[BNL_Browser]: 2022-02-16T16:43:49 {1050} [INFO] - [BrowserProcessHandler] OnLoadingStateChange loading:false goBack:true goForward:false
[INFO]-[BNL_Browser]: 2022-02-16T16:43:49 {1050} [INFO] - [BrowserProcessHandler] OnTitleChange
[INFO]-[BNL_Browser]: 2022-02-16T16:43:49 {354} [INFO] - [BrowserProcessHandler] OnCursorChange type:2
[INFO]-[BNL_Browser]: 2022-02-16T16:43:49 {354} [INFO] - [BrowserProcessHandler] OnCursorChange type:0
[INFO]-[BNL_Browser]: 2022-02-16T16:43:49 {354} [INFO] - [BrowserProcessHandler] OnCursorChange type:2
[INFO]-[BNL_Browser]: 2022-02-16T16:43:50 {354} [INFO] - [BrowserProcessHandler] OnTakeFocus source:1
[INFO]-[BNL_Browser]: 2022-02-16T16:43:50 {354} [INFO] - [BrowserProcessHandler] OnGotFocus
[INFO]-[BNL_Browser]: 2022-02-16T16:43:50 {354} [INFO] - [BrowserProcessHandler] OnImeStateChanged type:0
[INFO]-[BNL_Browser]: 2022-02-16T16:43:50 {354} [INFO] - [BrowserProcessHandler] OnTakeFocus source:1
[INFO]-[BNL_Browser]: 2022-02-16T16:43:50 {354} [INFO] - [BrowserProcessHandler] OnGotFocus
[INFO]-[BNL_Browser]: 2022-02-16T16:43:50 {354} [INFO] - [BrowserProcessHandler] OnImeStateChanged type:0
[INFO]-[BNL_Browser]: 2022-02-16T16:43:50 {354} [INFO] - [BrowserProcessHandler] OnLoadingStateChange loading:true goBack:true goForward:false
[INFO]-[BNL_Browser]: 2022-02-16T16:43:50 {354} [INFO] - [BrowserProcessHandler] OnImeStateChanged type:0
[INFO]-[BNL_Browser]: 2022-02-16T16:43:50 {354} [INFO] - [BrowserProcessHandler] OnCursorChange type:0
[INFO]-[BNL_Browser]: 2022-02-16T16:43:50 {354} [INFO] - [BrowserProcessHandler] OnLoadStart type:7 frame:17179869185
[INFO]-[BNL_Browser]: 2022-02-16T16:43:50 {354} [INFO] - [BrowserProcessHandler] OnTitleChange
[INFO]-[BNL_Browser]: 2022-02-16T16:43:50 {1050} [INFO] - [BrowserProcessHandler] OnLoadingStateChange loading:true goBack:true goForward:false
[INFO]-[BNL_Browser]: 2022-02-16T16:43:50 {1050} [INFO] - [BrowserProcessHandler] OnTakeFocus source:0
[INFO]-[BNL_Browser]: 2022-02-16T16:43:50 {1050} [INFO] - [BrowserProcessHandler] OnGotFocus
[INFO]-[BNL_Browser]: 2022-02-16T16:43:50 {1050} [INFO] - [BrowserProcessHandler] OnLoadingStateChange loading:false goBack:true goForward:false
[INFO]-[BNL_Browser]: 2022-02-16T16:43:50 {1050} [INFO] - [BrowserProcessHandler] OnTitleChange
[INFO]-[BNL_Browser]: 2022-02-16T16:43:50 {354} [INFO] - [BrowserProcessHandler] OnLoadEnd frame:17179869185
[INFO]-[BNL_Browser]: 2022-02-16T16:43:50 {354} [INFO] - [BrowserProcessHandler] OnLoadingStateChange loading:false goBack:true goForward:false
[INFO]-[BNL_Browser]: 2022-02-16T16:43:50 {354} [INFO] - [BrowserProcessHandler] OnTitleChange
[INFO]-[BNL_Browser]: 2022-02-16T16:43:50 {1050} [INFO] - [BrowserProcessHandler] OnLoadingStateChange loading:true goBack:true goForward:false
[INFO]-[BNL_Browser]: 2022-02-16T16:43:50 {1050} [INFO] - [BrowserProcessHandler] OnTakeFocus source:0
[INFO]-[BNL_Browser]: 2022-02-16T16:43:50 {1050} [INFO] - [BrowserProcessHandler] OnGotFocus
[INFO]-[BNL_Browser]: 2022-02-16T16:43:50 {1050} [INFO] - [BrowserProcessHandler] OnLoadingStateChange loading:false goBack:true goForward:false
[INFO]-[BNL_Browser]: 2022-02-16T16:43:50 {1050} [INFO] - [BrowserProcessHandler] OnTitleChange
[INFO]-[BNL_Browser]: 2022-02-16T16:43:51 {354} [INFO] - [BrowserProcessHandler] OnCursorChange type:3
[INFO]-[BNL_Browser]: 2022-02-16T16:43:51 {354} [INFO] - [BrowserProcessHandler] OnCursorChange type:0
[INFO]-[BNL_Browser]: 2022-02-16T16:43:51 {354} [INFO] - [BrowserProcessHandler] OnCursorChange type:3
[INFO]-[BNL_Browser]: 2022-02-16T16:43:51 {354} [INFO] - [BrowserProcessHandler] OnTakeFocus source:1
[INFO]-[BNL_Browser]: 2022-02-16T16:43:51 {354} [INFO] - [BrowserProcessHandler] OnGotFocus
[INFO]-[BNL_Browser]: 2022-02-16T16:43:51 {354} [INFO] - [BrowserProcessHandler] OnImeStateChanged type:2
[INFO]-[BNL_Browser]: 2022-02-16T16:43:51 {354} [INFO] - [BrowserProcessHandler] OnTextSelectionChanged offset:0 range:{0, 0}
[INFO]-[BNL_Browser]: 2022-02-16T16:43:51 {354} [INFO] - [BrowserProcessHandler] OnTakeFocus source:1
[INFO]-[BNL_Browser]: 2022-02-16T16:43:51 {354} [INFO] - [BrowserProcessHandler] OnGotFocus
[INFO]-[BNL_Browser]: 2022-02-16T16:43:51 {354} [INFO] - [BrowserProcessHandler] OnImeStateChanged type:2
[INFO]-[BNL_Browser]: 2022-02-16T16:43:52 {354} [INFO] - [BrowserProcessHandler] OnImeStateChanged type:2
[INFO]-[BNL_Browser]: 2022-02-16T16:43:52 {354} [INFO] - [BrowserProcessHandler] OnTextSelectionChanged offset:0 range:{1, 1}
[INFO]-[BNL_Browser]: 2022-02-16T16:43:52 {354} [INFO] - [BrowserProcessHandler] OnImeStateChanged type:2
[INFO]-[BNL_Browser]: 2022-02-16T16:43:52 {354} [INFO] - [BrowserProcessHandler] OnTextSelectionChanged offset:0 range:{2, 2}
[INFO]-[BNL_Browser]: 2022-02-16T16:43:52 {354} [INFO] - [BrowserProcessHandler] OnImeStateChanged type:2
[INFO]-[BNL_Browser]: 2022-02-16T16:43:52 {354} [INFO] - [BrowserProcessHandler] OnTextSelectionChanged offset:0 range:{3, 3}
[INFO]-[BNL_Browser]: 2022-02-16T16:43:52 {354} [INFO] - [BrowserProcessHandler] OnImeStateChanged type:2
[INFO]-[BNL_Browser]: 2022-02-16T16:43:52 {354} [INFO] - [BrowserProcessHandler] OnTextSelectionChanged offset:0 range:{4, 4}
[INFO]-[BNL_Browser]: 2022-02-16T16:43:52 {354} [INFO] - [BrowserProcessHandler] OnImeStateChanged type:2
[INFO]-[BNL_Browser]: 2022-02-16T16:43:52 {354} [INFO] - [BrowserProcessHandler] OnTextSelectionChanged offset:0 range:{5, 5}
[INFO]-[BNL_Browser]: 2022-02-16T16:43:52 {354} [INFO] - [BrowserProcessHandler] OnImeStateChanged type:2
[INFO]-[BNL_Browser]: 2022-02-16T16:43:52 {354} [INFO] - [BrowserProcessHandler] OnTextSelectionChanged offset:0 range:{6, 6}
[INFO]-[BNL_Browser]: 2022-02-16T16:43:52 {354} [INFO] - [BrowserProcessHandler] OnImeStateChanged type:2
[INFO]-[BNL_Browser]: 2022-02-16T16:43:52 {354} [INFO] - [BrowserProcessHandler] OnTextSelectionChanged offset:0 range:{7, 7}
[INFO]-[BNL_Browser]: 2022-02-16T16:43:52 {354} [INFO] - [BrowserProcessHandler] OnImeStateChanged type:2
[INFO]-[BNL_Browser]: 2022-02-16T16:43:52 {354} [INFO] - [BrowserProcessHandler] OnTextSelectionChanged offset:0 range:{8, 8}
[INFO]-[BNL_Browser]: 2022-02-16T16:43:52 {354} [INFO] - [BrowserProcessHandler] OnImeStateChanged type:2
[INFO]-[BNL_Browser]: 2022-02-16T16:43:52 {354} [INFO] - [BrowserProcessHandler] OnTextSelectionChanged offset:0 range:{9, 9}
[INFO]-[BNL_Browser]: 2022-02-16T16:43:53 {354} [INFO] - [BrowserProcessHandler] OnImeStateChanged type:2
[INFO]-[BNL_Browser]: 2022-02-16T16:43:53 {354} [INFO] - [BrowserProcessHandler] OnTextSelectionChanged offset:0 range:{10, 10}
[INFO]-[BNL_Browser]: 2022-02-16T16:43:53 {354} [INFO] - [BrowserProcessHandler] OnImeStateChanged type:2
[INFO]-[BNL_Browser]: 2022-02-16T16:43:53 {354} [INFO] - [BrowserProcessHandler] OnTextSelectionChanged offset:0 range:{11, 11}
[INFO]-[BNL_Browser]: 2022-02-16T16:43:53 {354} [INFO] - [BrowserProcessHandler] OnImeStateChanged type:2
[INFO]-[BNL_Browser]: 2022-02-16T16:43:53 {354} [INFO] - [BrowserProcessHandler] OnTextSelectionChanged offset:0 range:{12, 12}
[INFO]-[BNL_Browser]: 2022-02-16T16:43:53 {354} [INFO] - [BrowserProcessHandler] OnImeStateChanged type:2
[INFO]-[BNL_Browser]: 2022-02-16T16:43:53 {354} [INFO] - [BrowserProcessHandler] OnTextSelectionChanged offset:0 range:{13, 13}
[INFO]-[BNL_Browser]: 2022-02-16T16:43:53 {354} [INFO] - [BrowserProcessHandler] OnImeStateChanged type:2
[INFO]-[BNL_Browser]: 2022-02-16T16:43:53 {354} [INFO] - [BrowserProcessHandler] OnTextSelectionChanged offset:0 range:{14, 14}
[INFO]-[BNL_Browser]: 2022-02-16T16:43:53 {354} [INFO] - [BrowserProcessHandler] OnLoadingStateChange loading:true goBack:true goForward:false
[INFO]-[BNL_Browser]: 2022-02-16T16:43:54 {354} [INFO] - [BrowserProcessHandler] OnLoadStart type:7 frame:17179869185
[INFO]-[BNL_Browser]: 2022-02-16T16:43:54 {354} [INFO] - [BrowserProcessHandler] OnTitleChange
[INFO]-[BNL_Browser]: 2022-02-16T16:43:54 {1050} [INFO] - [BrowserProcessHandler] OnLoadingStateChange loading:true goBack:true goForward:false
[INFO]-[BNL_Browser]: 2022-02-16T16:43:54 {1050} [INFO] - [BrowserProcessHandler] OnTakeFocus source:0
[INFO]-[BNL_Browser]: 2022-02-16T16:43:54 {1050} [INFO] - [BrowserProcessHandler] OnGotFocus
[INFO]-[BNL_Browser]: 2022-02-16T16:43:54 {1050} [INFO] - [BrowserProcessHandler] OnLoadingStateChange loading:false goBack:true goForward:false
[INFO]-[BNL_Browser]: 2022-02-16T16:43:54 {1050} [INFO] - [BrowserProcessHandler] OnTitleChange
[INFO]-[BNL_Browser]: 2022-02-16T16:43:54 {354} [INFO] - [BrowserProcessHandler] OnImeStateChanged type:0
[INFO]-[BNL_Browser]: 2022-02-16T16:43:54 {354} [INFO] - [BrowserProcessHandler] OnLoadStart type:3 frame:17179869191
[INFO]-[BNL_Browser]: 2022-02-16T16:43:54 {354} [INFO] - [BrowserProcessHandler] OnLoadEnd frame:17179869191
[INFO]-[BNL_Browser]: 2022-02-16T16:43:54 {354} [INFO] - [BrowserProcessHandler] OnLoadEnd frame:17179869185
[INFO]-[BNL_Browser]: 2022-02-16T16:43:54 {354} [INFO] - [BrowserProcessHandler] OnLoadingStateChange loading:false goBack:true goForward:false
[INFO]-[BNL_Browser]: 2022-02-16T16:43:54 {354} [INFO] - [BrowserProcessHandler] OnTitleChange
[INFO]-[BNL_Browser]: 2022-02-16T16:43:54 {1050} [INFO] - [BrowserProcessHandler] OnLoadingStateChange loading:true goBack:true goForward:false
[INFO]-[BNL_Browser]: 2022-02-16T16:43:54 {1050} [INFO] - [BrowserProcessHandler] OnTakeFocus source:0
[INFO]-[BNL_Browser]: 2022-02-16T16:43:54 {1050} [INFO] - [BrowserProcessHandler] OnGotFocus
[INFO]-[BNL_Browser]: 2022-02-16T16:43:54 {1050} [INFO] - [BrowserProcessHandler] OnLoadingStateChange loading:false goBack:true goForward:false
[INFO]-[BNL_Browser]: 2022-02-16T16:43:54 {1050} [INFO] - [BrowserProcessHandler] OnTitleChange
[INFO]-[BNL_Browser]: 2022-02-16T16:43:54 {354} [INFO] - [BrowserProcessHandler] OnLoadingStateChange loading:true goBack:true goForward:false
[INFO]-[BNL_Browser]: 2022-02-16T16:43:54 {354} [INFO] - [BrowserProcessHandler] OnLoadStart type:3 frame:25769803782
[INFO]-[BNL_Browser]: 2022-02-16T16:43:54 {354} [INFO] - [BrowserProcessHandler] OnLoadEnd frame:25769803782
[INFO]-[BNL_Browser]: 2022-02-16T16:43:54 {354} [INFO] - [BrowserProcessHandler] OnLoadingStateChange loading:false goBack:true goForward:false
[INFO]-[BNL_Browser]: 2022-02-16T16:43:54 {354} [INFO] - [BrowserProcessHandler] OnTitleChange
[INFO]-[BNL_Browser]: 2022-02-16T16:43:54 {1050} [INFO] - [BrowserProcessHandler] OnLoadingStateChange loading:true goBack:true goForward:false
[INFO]-[BNL_Browser]: 2022-02-16T16:43:54 {1050} [INFO] - [BrowserProcessHandler] OnTakeFocus source:0
[INFO]-[BNL_Browser]: 2022-02-16T16:43:54 {1050} [INFO] - [BrowserProcessHandler] OnGotFocus
[INFO]-[BNL_Browser]: 2022-02-16T16:43:54 {1050} [INFO] - [BrowserProcessHandler] OnLoadingStateChange loading:false goBack:true goForward:false
[INFO]-[BNL_Browser]: 2022-02-16T16:43:54 {1050} [INFO] - [BrowserProcessHandler] OnTitleChange
[INFO]-[BNL_Browser]: 2022-02-16T16:43:55 {354} [INFO] - [BrowserProcessHandler] OnCursorChange type:0
[INFO]-[BNL_Browser]: 2022-02-16T16:43:56 {354} [INFO] - [BrowserProcessHandler] OnLoadingStateChange loading:true goBack:true goForward:false
[INFO]-[BNL_Browser]: 2022-02-16T16:43:56 {354} [INFO] - [BrowserProcessHandler] OnLoadStart type:1073741824 frame:17179869185
[INFO]-[BNL_Browser]: 2022-02-16T16:43:56 {354} [INFO] - [BrowserProcessHandler] OnTitleChange
[INFO]-[BNL_Browser]: 2022-02-16T16:43:56 {1050} [INFO] - [BrowserProcessHandler] OnLoadingStateChange loading:true goBack:true goForward:false
[INFO]-[BNL_Browser]: 2022-02-16T16:43:56 {1050} [INFO] - [BrowserProcessHandler] OnTakeFocus source:0
[INFO]-[BNL_Browser]: 2022-02-16T16:43:56 {1050} [INFO] - [BrowserProcessHandler] OnGotFocus
[INFO]-[BNL_Browser]: 2022-02-16T16:43:56 {1050} [INFO] - [BrowserProcessHandler] OnLoadingStateChange loading:false goBack:true goForward:false
[INFO]-[BNL_Browser]: 2022-02-16T16:43:56 {1050} [INFO] - [BrowserProcessHandler] OnTitleChange
[INFO]-[BNL_Browser]: 2022-02-16T16:43:57 {354} [INFO] - [BrowserProcessHandler] OnLoadEnd frame:17179869185
[INFO]-[BNL_Browser]: 2022-02-16T16:43:57 {354} [INFO] - [BrowserProcessHandler] OnLoadingStateChange loading:false goBack:true goForward:false
[INFO]-[BNL_Browser]: 2022-02-16T16:43:57 {354} [INFO] - [BrowserProcessHandler] OnTitleChange
[INFO]-[BNL_Browser]: 2022-02-16T16:43:57 {1050} [INFO] - [BrowserProcessHandler] OnLoadingStateChange loading:true goBack:true goForward:false
[INFO]-[BNL_Browser]: 2022-02-16T16:43:57 {1050} [INFO] - [BrowserProcessHandler] OnTakeFocus source:0
[INFO]-[BNL_Browser]: 2022-02-16T16:43:57 {1050} [INFO] - [BrowserProcessHandler] OnGotFocus
[INFO]-[BNL_Browser]: 2022-02-16T16:43:57 {1050} [INFO] - [BrowserProcessHandler] OnLoadingStateChange loading:false goBack:true goForward:false
[INFO]-[BNL_Browser]: 2022-02-16T16:43:57 {1050} [INFO] - [BrowserProcessHandler] OnTitleChange
[INFO]-[BNL_Browser]: 2022-02-16T16:43:57 {354} [INFO] - [BrowserProcessHandler] OnCursorChange type:3
[INFO]-[BNL_Browser]: 2022-02-16T16:43:57 {354} [INFO] - [BrowserProcessHandler] OnCursorChange type:0
[INFO]-[BNL_Browser]: 2022-02-16T16:43:57 {354} [INFO] - [BrowserProcessHandler] OnCursorChange type:2
[INFO]-[BNL_Browser]: 2022-02-16T16:43:57 {354} [INFO] - [BrowserProcessHandler] OnCursorChange type:0
[INFO]-[BNL_Browser]: 2022-02-16T16:43:57 {354} [INFO] - [BrowserProcessHandler] OnCursorChange type:2
[INFO]-[BNL_Browser]: 2022-02-16T16:43:58 {354} [INFO] - [BrowserProcessHandler] OnLoadingStateChange loading:true goBack:true goForward:false
[INFO]-[BNL_Browser]: 2022-02-16T16:43:58 {354} [INFO] - [BrowserProcessHandler] OnLoadStart type:1073741824 frame:17179869185
[INFO]-[BNL_Browser]: 2022-02-16T16:43:58 {1050} [INFO] - [BrowserProcessHandler] OnLoadingStateChange loading:true goBack:true goForward:false
[INFO]-[BNL_Browser]: 2022-02-16T16:43:58 {1050} [INFO] - [BrowserProcessHandler] OnTakeFocus source:0
[INFO]-[BNL_Browser]: 2022-02-16T16:43:58 {1050} [INFO] - [BrowserProcessHandler] OnGotFocus
[INFO]-[BNL_Browser]: 2022-02-16T16:43:58 {1050} [INFO] - [BrowserProcessHandler] OnLoadingStateChange loading:false goBack:true goForward:false
[INFO]-[BNL_Browser]: 2022-02-16T16:43:58 {1050} [INFO] - [BrowserProcessHandler] OnTitleChange
[INFO]-[BNL_Browser]: 2022-02-16T16:43:58 {354} [INFO] - [BrowserProcessHandler] OnLoadEnd frame:17179869185
[INFO]-[BNL_Browser]: 2022-02-16T16:43:58 {354} [INFO] - [BrowserProcessHandler] OnLoadingStateChange loading:false goBack:true goForward:false
[INFO]-[BNL_Browser]: 2022-02-16T16:43:58 {354} [INFO] - [BrowserProcessHandler] OnTitleChange
[INFO]-[BNL_Browser]: 2022-02-16T16:43:58 {1050} [INFO] - [BrowserProcessHandler] OnLoadingStateChange loading:true goBack:true goForward:false
[INFO]-[BNL_Browser]: 2022-02-16T16:43:58 {1050} [INFO] - [BrowserProcessHandler] OnTakeFocus source:0
[INFO]-[BNL_Browser]: 2022-02-16T16:43:58 {1050} [INFO] - [BrowserProcessHandler] OnGotFocus
[INFO]-[BNL_Browser]: 2022-02-16T16:43:58 {1050} [INFO] - [BrowserProcessHandler] OnLoadingStateChange loading:false goBack:true goForward:false
[INFO]-[BNL_Browser]: 2022-02-16T16:43:58 {1050} [INFO] - [BrowserProcessHandler] OnTitleChange
[INFO]-[BNL_Browser]: 2022-02-16T16:44:02 {354} [INFO] - [BrowserProcessHandler] OnCursorChange type:0
[INFO]-[BNL_Browser]: 2022-02-16T16:44:02 {354} [INFO] - [BrowserProcessHandler] OnCursorChange type:3
[INFO]-[BNL_Browser]: 2022-02-16T16:44:03 {354} [INFO] - [BrowserProcessHandler] OnCursorChange type:0
[INFO]-[BNL_Browser]: 2022-02-16T16:44:03 {354} [INFO] - [BrowserProcessHandler] OnCursorChange type:2
[INFO]-[BNL_Browser]: 2022-02-16T16:44:03 {354} [INFO] - [BrowserProcessHandler] OnTakeFocus source:1
[INFO]-[BNL_Browser]: 2022-02-16T16:44:03 {354} [INFO] - [BrowserProcessHandler] OnGotFocus
[INFO]-[BNL_Browser]: 2022-02-16T16:44:03 {354} [INFO] - [BrowserProcessHandler] OnTextSelectionChanged offset:295 range:{295, 295}
[INFO]-[BNL_Browser]: 2022-02-16T16:44:03 {354} [INFO] - [BrowserProcessHandler] OnTakeFocus source:1
[INFO]-[BNL_Browser]: 2022-02-16T16:44:03 {354} [INFO] - [BrowserProcessHandler] OnGotFocus
[INFO]-[BNL_Browser]: 2022-02-16T16:44:03 {354} [INFO] - [BrowserProcessHandler] OnImeStateChanged type:0
[ERROR]-[BNL_Scene]: 2022-02-16T16:44:03 {354} [ERROR] - failed to fetch process block size from shmem: SHMEM_NOT_FOUND
[ERROR]-[BNL_Scene]: 2022-02-16T16:44:03 {354} [ERROR] - failed to read target process block for pid: '15564'
[ERROR]-[BNL_Scene]: 2022-02-16T16:44:03 {354} [ERROR] - Failed to write message to shared memory.
[INFO]-[BNL_Scene]: 2022-02-16T16:44:03 {354} [INFO] - received shutdown message from client.
[INFO]-[BNL_Browser]: 2022-02-16T16:44:03 {354} [INFO] - [BrowserProcessHandler] Shutdown invoked
[INFO]-[BNL_Scene]: 2022-02-16T16:44:03 {1050} [INFO] - received shutdown message from client.
[WARNING]-[BNL_Scene]: 2022-02-16T16:44:03 {354} [WARNING] - Attempted to update buffer while in a disconnected state.
[INFO]-[BNL_Browser]: 2022-02-16T16:44:03 {1050} [INFO] - [BrowserProcessHandler] Shutdown invoked
[INFO]-[BNL_Browser]: 2022-02-16T16:44:03 {354} [INFO] - [BrowserProcessHandler] OnBeforeClose
[INFO]-[BNL_Browser]: 2022-02-16T16:44:03 {1050} [INFO] - [BrowserProcessHandler] OnBeforeClose
